# Release ledger — one line per ./publish.sh run: "<UTC timestamp>  <release tag>".
# publish.sh appends here and pushes to main; that commit triggers the Pages
# rebuild (a fresh commit -> a fresh Pages build version, which is what actually
# gets served). Append-only; do not edit by hand.
2026-06-13T16:12:03Z  gallery-v2.0-5
2026-06-13T19:01:51Z  gallery-v2.1-6
2026-06-13T19:33:07Z  gallery-v3.0-7
2026-06-14T10:32:12Z  gallery-v3.2-9
2026-06-14T11:03:39Z  gallery-v3.3-10
2026-06-15T12:30:56Z  gallery-v4.0-11
2026-06-15T14:11:17Z  gallery-v4.1-12
2026-06-15T17:50:22Z  gallery-v5.0-13
2026-06-15T20:14:34Z  gallery-v5.1-14
2026-06-16T08:30:10Z  gallery-v5.2-15
2026-06-16T21:10:54Z  gallery-v5.3-16
2026-06-18T09:02:55Z  gallery-v6.0-17
2026-06-18T18:12:59Z  gallery-v6.1-18
2026-06-19T11:05:12Z  gallery-v6.2-19
2026-06-19T15:50:06Z  gallery-v6.3-20
2026-06-19T18:14:05Z  gallery-v6.4-21
